<?xml version="1.0" encoding="utf-8"?>
<coverage line-rate="0.5707" branch-rate="0.4131" version="1.9" timestamp="1763380535" lines-covered="1683" lines-valid="2949" branches-covered="276" branches-valid="668">
  <sources>
    <source>/home/runner/workspace/</source>
  </sources>
  <packages>
    <package name="OceanKing" line-rate="0.5707" branch-rate="0.4131" complexity="959">
      <classes>
        <class name="Program" filename="Program.cs" line-rate="0" branch-rate="0" complexity="10">
          <methods>
            <method name="&lt;Main&gt;$" signature="(System.String[])" line-rate="0" branch-rate="0" complexity="10">
              <lines>
                <line number="9" hits="0" branch="False" />
                <line number="12" hits="0" branch="True" condition-coverage="0% (0/2)">
                  <conditions>
                    <condition number="31" type="jump" coverage="0%" />
                  </conditions>
                </line>
                <line number="13" hits="0" branch="True" condition-coverage="0% (0/2)">
                  <conditions>
                    <condition number="62" type="jump" coverage="0%" />
                  </conditions>
                </line>
                <line number="14" hits="0" branch="True" condition-coverage="0% (0/2)">
                  <conditions>
                    <condition number="93" type="jump" coverage="0%" />
                  </conditions>
                </line>
                <line number="16" hits="0" branch="False" />
                <line number="17" hits="0" branch="False" />
                <line number="18" hits="0" branch="False" />
                <line number="19" hits="0" branch="False" />
                <line number="20" hits="0" branch="False" />
                <line number="21" hits="0" branch="False" />
                <line number="22" hits="0" branch="False" />
                <line number="23" hits="0" branch="False" />
                <line number="24" hits="0" branch="False" />
                <line number="25" hits="0" branch="False" />
                <line number="26" hits="0" branch="False" />
                <line number="27" hits="0" branch="False" />
                <line number="28" hits="0" branch="False" />
                <line number="29" hits="0" branch="False" />
                <line number="30" hits="0" branch="False" />
                <line number="31" hits="0" branch="False" />
                <line number="32" hits="0" branch="False" />
                <line number="33" hits="0" branch="False" />
                <line number="34" hits="0" branch="False" />
                <line number="35" hits="0" branch="False" />
                <line number="36" hits="0" branch="False" />
                <line number="37" hits="0" branch="False" />
                <line number="38" hits="0" branch="False" />
                <line number="39" hits="0" branch="False" />
                <line number="40" hits="0" branch="False" />
                <line number="41" hits="0" branch="False" />
                <line number="42" hits="0" branch="False" />
                <line number="43" hits="0" branch="False" />
                <line number="44" hits="0" branch="True" condition-coverage="0% (0/4)">
                  <conditions>
                    <condition number="51" type="jump" coverage="0%" />
                    <condition number="75" type="jump" coverage="0%" />
                  </conditions>
                </line>
                <line number="45" hits="0" branch="False" />
                <line number="46" hits="0" branch="False" />
                <line number="47" hits="0" branch="False" />
                <line number="48" hits="0" branch="False" />
                <line number="49" hits="0" branch="False" />
                <line number="50" hits="0" branch="False" />
                <line number="51" hits="0" branch="False" />
                <line number="53" hits="0" branch="False" />
                <line number="54" hits="0" branch="False" />
                <line number="57" hits="0" branch="False" />
                <line number="58" hits="0" branch="False" />
                <line number="59" hits="0" branch="False" />
                <line number="60" hits="0" branch="False" />
                <line number="61" hits="0" branch="False" />
                <line number="62" hits="0" branch="False" />
                <line number="63" hits="0" branch="False" />
                <line number="66" hits="0" branch="False" />
                <line number="69" hits="0" branch="False" />
                <line number="70" hits="0" branch="False" />
                <line number="71" hits="0" branch="False" />
                <line number="72" hits="0" branch="False" />
                <line number="73" hits="0" branch="False" />
                <line number="74" hits="0" branch="False" />
                <line number="75" hits="0" branch="False" />
                <line number="76" hits="0" branch="False" />
                <line number="77" hits="0" branch="False" />
                <line number="78" hits="0" branch="False" />
                <line number="80" hits="0" branch="False" />
                <line number="83" hits="0" branch="False" />
                <line number="84" hits="0" branch="False" />
                <line number="86" hits="0" branch="False" />
                <line number="87" hits="0" branch="False" />
                <line number="88" hits="0" branch="False" />
                <line number="90" hits="0" branch="False" />
                <line number="91" hits="0" branch="False" />
                <line number="94" hits="0" branch="False" />
                <line number="97" hits="0" branch="False" />
                <line number="99" hits="0" branch="False" />
              </lines>
            </method>
          </methods>
          <lines>
            <line number="9" hits="0" branch="False" />
            <line number="12" hits="0" branch="True" condition-coverage="0% (0/2)">
              <conditions>
                <condition number="31" type="jump" coverage="0%" />
              </conditions>
            </line>
            <line number="13" hits="0" branch="True" condition-coverage="0% (0/2)">
              <conditions>
                <condition number="62" type="jump" coverage="0%" />
              </conditions>
            </line>
            <line number="14" hits="0" branch="True" condition-coverage="0% (0/2)">
              <conditions>
                <condition number="93" type="jump" coverage="0%" />
              </conditions>
            </line>
            <line number="16" hits="0" branch="False" />
            <line number="17" hits="0" branch="False" />
            <line number="18" hits="0" branch="False" />
            <line number="19" hits="0" branch="False" />
            <line number="20" hits="0" branch="False" />
            <line number="21" hits="0" branch="False" />
            <line number="22" hits="0" branch="False" />
            <line number="23" hits="0" branch="False" />
            <line number="24" hits="0" branch="False" />
            <line number="25" hits="0" branch="False" />
            <line number="26" hits="0" branch="False" />
            <line number="27" hits="0" branch="False" />
            <line number="28" hits="0" branch="False" />
            <line number="29" hits="0" branch="False" />
            <line number="30" hits="0" branch="False" />
            <line number="31" hits="0" branch="False" />
            <line number="32" hits="0" branch="False" />
            <line number="33" hits="0" branch="False" />
            <line number="34" hits="0" branch="False" />
            <line number="35" hits="0" branch="False" />
            <line number="36" hits="0" branch="False" />
            <line number="37" hits="0" branch="False" />
            <line number="38" hits="0" branch="False" />
            <line number="39" hits="0" branch="False" />
            <line number="40" hits="0" branch="False" />
            <line number="41" hits="0" branch="False" />
            <line number="42" hits="0" branch="False" />
            <line number="43" hits="0" branch="False" />
            <line number="44" hits="0" branch="True" condition-coverage="0% (0/4)">
              <conditions>
                <condition number="51" type="jump" coverage="0%" />
                <condition number="75" type="jump" coverage="0%" />
              </conditions>
            </line>
            <line number="45" hits="0" branch="False" />
            <line number="46" hits="0" branch="False" />
            <line number="47" hits="0" branch="False" />
            <line number="48" hits="0" branch="False" />
            <line number="49" hits="0" branch="False" />
            <line number="50" hits="0" branch="False" />
            <line number="51" hits="0" branch="False" />
            <line number="53" hits="0" branch="False" />
            <line number="54" hits="0" branch="False" />
            <line number="57" hits="0" branch="False" />
            <line number="58" hits="0" branch="False" />
            <line number="59" hits="0" branch="False" />
            <line number="60" hits="0" branch="False" />
            <line number="61" hits="0" branch="False" />
            <line number="62" hits="0" branch="False" />
            <line number="63" hits="0" branch="False" />
            <line number="66" hits="0" branch="False" />
            <line number="69" hits="0" branch="False" />
            <line number="70" hits="0" branch="False" />
            <line number="71" hits="0" branch="False" />
            <line number="72" hits="0" branch="False" />
            <line number="73" hits="0" branch="False" />
            <line number="74" hits="0" branch="False" />
            <line number="75" hits="0" branch="False" />
            <line number="76" hits="0" branch="False" />
            <line number="77" hits="0" branch="False" />
            <line number="78" hits="0" branch="False" />
            <line number="80" hits="0" branch="False" />
            <line number="83" hits="0" branch="False" />
            <line number="84" hits="0" branch="False" />
            <line number="86" hits="0" branch="False" />
            <line number="87" hits="0" branch="False" />
            <line number="88" hits="0" branch="False" />
            <line number="90" hits="0" branch="False" />
            <line number="91" hits="0" branch="False" />
            <line number="94" hits="0" branch="False" />
            <line number="97" hits="0" branch="False" />
            <line number="99" hits="0" branch="False" />
          </lines>
        </class>
        <class name="OceanKing.Server.GameServerHost" filename="Server/GameServerHost.cs" line-rate="0.8946999999999999" branch-rate="1" complexity="6">
          <methods>
            <method name="Start" signature="()" line-rate="1" branch-rate="1" complexity="2">
              <lines>
                <line number="20" hits="11" branch="False" />
                <line number="21" hits="11" branch="True" condition-coverage="100% (2/2)">
                  <conditions>
                    <condition number="9" type="jump" coverage="100%" />
                  </conditions>
                </line>
                <line number="23" hits="11" branch="False" />
                <line number="24" hits="11" branch="False" />
                <line number="25" hits="11" branch="False" />
                <line number="26" hits="11" branch="False" />
                <line number="27" hits="11" branch="False" />
              </lines>
            </method>
            <method name="Stop" signature="()" line-rate="1" branch-rate="1" complexity="1">
              <lines>
                <line number="30" hits="11" branch="False" />
                <line number="31" hits="11" branch="False" />
                <line number="32" hits="11" branch="False" />
                <line number="33" hits="11" branch="False" />
                <line number="34" hits="11" branch="False" />
              </lines>
            </method>
            <method name="GetMatchManager" signature="()" line-rate="0" branch-rate="1" complexity="1">
              <lines>
                <line number="36" hits="0" branch="False" />
              </lines>
            </method>
            <method name="GetLobbyManager" signature="()" line-rate="0" branch-rate="1" complexity="1">
              <lines>
                <line number="37" hits="0" branch="False" />
              </lines>
            </method>
            <method name=".ctor" signature="(Microsoft.AspNetCore.SignalR.IHubContext`1&lt;OceanKing.Hubs.GameHub&gt;)" line-rate="1" branch-rate="1" complexity="1">
              <lines>
                <line number="13" hits="11" branch="False" />
                <line number="14" hits="11" branch="False" />
                <line number="15" hits="11" branch="False" />
                <line number="16" hits="11" branch="False" />
                <line number="17" hits="11" branch="False" />
              </lines>
            </method>
          </methods>
          <lines>
            <line number="20" hits="11" branch="False" />
            <line number="21" hits="11" branch="True" condition-coverage="100% (2/2)">
              <conditions>
                <condition number="9" type="jump" coverage="100%" />
              </conditions>
            </line>
            <line number="23" hits="11" branch="False" />
            <line number="24" hits="11" branch="False" />
            <line number="25" hits="11" branch="False" />
            <line number="26" hits="11" branch="False" />
            <line number="27" hits="11" branch="False" />
            <line number="30" hits="11" branch="False" />
            <line number="31" hits="11" branch="False" />
            <line number="32" hits="11" branch="False" />
            <line number="33" hits="11" branch="False" />
            <line number="34" hits="11" branch="False" />
            <line number="36" hits="0" branch="False" />
            <line number="37" hits="0" branch="False" />
            <line number="13" hits="11" branch="False" />
            <line number="14" hits="11" branch="False" />
            <line number="15" hits="11" branch="False" />
            <line number="16" hits="11" branch="False" />
            <line number="17" hits="11" branch="False" />
          </lines>
        </class>
        <class name="OceanKing.Server.Systems.BossDamageRecord" filename="Server/Systems/BossShotTracker.cs" line-rate="1" branch-rate="1" complexity="3">
          <methods>
            <method name="get_TotalShots" signature="()" line-rate="1" branch-rate="1" complexity="1">
              <lines>
                <line number="8" hits="2427" branch="False" />
              </lines>
            </method>
            <method name="get_TotalDamage" signature="()" line-rate="1" branch-rate="1" complexity="1">
              <lines>
                <line number="9" hits="2441" branch="False" />
              </lines>
            </method>
            <method name="get_LastHitTime" signature="()" line-rate="1" branch-rate="1" complexity="1">
              <lines>
                <line number="10" hits="1219" branch="False" />
              </lines>
            </method>
          </methods>
          <lines>
            <line number="8" hits="2427" branch="False" />
            <line number="9" hits="2441" branch="False" />
            <line number="10" hits="1219" branch="False" />
          </lines>
        </class>
        <class name="OceanKing.Server.Systems.BossShotTracker" filename="Server/Systems/BossShotTracker.cs" line-rate="0.6666" branch-rate="0.5" complexity="11">
          <methods>
            <method name="RecordShot" signature="(System.Int32,System.Decimal)" line-rate="1" branch-rate="1" complexity="1">
              <lines>
                <line number="32" hits="1219" branch="False" />
                <line number="33" hits="1219" branch="False" />
                <line number="34" hits="1219" branch="False" />
                <line number="35" hits="11" branch="False" />
                <line number="36" hits="11" branch="False" />
                <line number="37" hits="11" branch="False" />
                <line number="38" hits="11" branch="False" />
                <line number="39" hits="11" branch="False" />
                <line number="40" hits="11" branch="False" />
                <line number="41" hits="1219" branch="False" />
                <line number="42" hits="1208" branch="False" />
                <line number="43" hits="1208" branch="False" />
                <line number="44" hits="1208" branch="False" />
                <line number="45" hits="1208" branch="False" />
                <line number="46" hits="1208" branch="False" />
                <line number="47" hits="1208" branch="False" />
                <line number="48" hits="1219" branch="False" />
                <line number="49" hits="1219" branch="False" />
              </lines>
            </method>
            <method name="GetKillProbability" signature="(System.Int32,System.Decimal)" line-rate="1" branch-rate="1" complexity="4">
              <lines>
                <line number="52" hits="17" branch="False" />
                <line number="53" hits="17" branch="False" />
                <line number="54" hits="18" branch="True" condition-coverage="100% (2/2)">
                  <conditions>
                    <condition number="16" type="jump" coverage="100%" />
                  </conditions>
                </line>
                <line number="56" hits="16" branch="True" condition-coverage="100% (2/2)">
                  <conditions>
                    <condition number="51" type="jump" coverage="100%" />
                  </conditions>
                </line>
                <line number="57" hits="2" branch="False" />
                <line number="58" hits="2" branch="False" />
                <line number="64" hits="14" branch="False" />
                <line number="65" hits="14" branch="False" />
                <line number="66" hits="14" branch="False" />
                <line number="75" hits="14" branch="False" />
                <line number="76" hits="14" branch="False" />
                <line number="84" hits="14" branch="False" />
                <line number="86" hits="14" branch="False" />
                <line number="89" hits="14" branch="False" />
                <line number="90" hits="17" branch="False" />
              </lines>
            </method>
            <method name="ResetBoss" signature="(System.Int32)" line-rate="0" branch-rate="1" complexity="1">
              <lines>
                <line number="93" hits="0" branch="False" />
                <line number="94" hits="0" branch="False" />
                <line number="95" hits="0" branch="False" />
              </lines>
            </method>
            <method name="GetRecord" signature="(System.Int32)" line-rate="0" branch-rate="0" complexity="2">
              <lines>
                <line number="98" hits="0" branch="False" />
                <line number="99" hits="0" branch="True" condition-coverage="0% (0/2)">
                  <conditions>
                    <condition number="15" type="jump" coverage="0%" />
                  </conditions>
                </line>
                <line number="100" hits="0" branch="False" />
              </lines>
            </method>
            <method name="CleanupStaleRecords" signature="(System.TimeSpan)" line-rate="0" branch-rate="0" complexity="2">
              <lines>
                <line number="103" hits="0" branch="False" />
                <line number="104" hits="0" branch="False" />
                <line number="105" hits="0" branch="False" />
                <line number="106" hits="0" branch="False" />
                <line number="107" hits="0" branch="False" />
                <line number="108" hits="0" branch="False" />
                <line number="110" hits="0" branch="True" condition-coverage="0% (0/2)">
                  <conditions>
                    <condition number="131" type="jump" coverage="0%" />
                  </conditions>
                </line>
                <line number="111" hits="0" branch="False" />
                <line number="112" hits="0" branch="False" />
                <line number="113" hits="0" branch="False" />
                <line number="114" hits="0" branch="False" />
              </lines>
            </method>
            <method name=".ctor" signature="()" line-rate="1" branch-rate="1" complexity="1">
              <lines>
                <line number="20" hits="35" branch="False" />
              </lines>
            </method>
          </methods>
          <lines>
            <line number="32" hits="1219" branch="False" />
            <line number="33" hits="1219" branch="False" />
            <line number="34" hits="1219" branch="False" />
            <line number="35" hits="11" branch="False" />
            <line number="36" hits="11" branch="False" />
            <line number="37" hits="11" branch="False" />
            <line number="38" hits="11" branch="False" />
            <line number="39" hits="11" branch="False" />
            <line number="40" hits="11" branch="False" />
            <line number="41" hits="1219" branch="False" />
            <line number="42" hits="1208" branch="False" />
            <line number="43" hits="1208" branch="False" />
            <line number="44" hits="1208" branch="False" />
            <line number="45" hits="1208" branch="False" />
            <line number="46" hits="1208" branch="False" />
            <line number="47" hits="1208" branch="False" />
            <line number="48" hits="1219" branch="False" />
            <line number="49" hits="1219" branch="False" />
            <line number="52" hits="17" branch="False" />
            <line number="53" hits="17" branch="False" />
            <line number="54" hits="18" branch="True" condition-coverage="100% (2/2)">
              <conditions>
                <condition number="16" type="jump" coverage="100%" />
              </conditions>
            </line>
            <line number="56" hits="16" branch="True" condition-coverage="100% (2/2)">
              <conditions>
                <condition number="51" type="jump" coverage="100%" />
              </conditions>
            </line>
            <line number="57" hits="2" branch="False" />
            <line number="58" hits="2" branch="False" />
            <line number="64" hits="14" branch="False" />
            <line number="65" hits="14" branch="False" />
            <line number="66" hits="14" branch="False" />
            <line number="75" hits="14" branch="False" />
            <line number="76" hits="14" branch="False" />
            <line number="84" hits="14" branch="False" />
            <line number="86" hits="14" branch="False" />
            <line number="89" hits="14" branch="False" />
            <line number="90" hits="17" branch="False" />
            <line number="93" hits="0" branch="False" />
            <line number="94" hits="0" branch="False" />
            <line number="95" hits="0" branch="False" />
            <line number="98" hits="0" branch="False" />
            <line number="99" hits="0" branch="True" condition-coverage="0% (0/2)">
              <conditions>
                <condition number="15" type="jump" coverage="0%" />
              </conditions>
            </line>
            <line number="100" hits="0" branch="False" />
            <line number="103" hits="0" branch="False" />
            <line number="104" hits="0" branch="False" />
            <line number="105" hits="0" branch="False" />
            <line number="106" hits="0" branch="False" />
            <line number="107" hits="0" branch="False" />
            <line number="108" hits="0" branch="False" />
            <line number="110" hits="0" branch="True" condition-coverage="0% (0/2)">
              <conditions>
                <condition number="131" type="jump" coverage="0%" />
              </conditions>
            </line>
            <line number="111" hits="0" branch="False" />
            <line number="112" hits="0" branch="False" />
            <line number="113" hits="0" branch="False" />
            <line number="114" hits="0" branch="False" />
            <line number="20" hits="35" branch="False" />
          </lines>
        </class>
        <class name="OceanKing.Server.Systems.HotSeatManager" filename="Server/Systems/HotSeatManager.cs" line-rate="1" branch-rate="1" complexity="23">
          <methods>
            <method name="Update" signature="(System.Int32)" line-rate="1" branch-rate="1" complexity="10">
              <lines>
                <line number="28" hits="53979" branch="False" />
                <line number="29" hits="53979" branch="True" condition-coverage="100% (4/4)">
                  <conditions>
                    <condition number="12" type="jump" coverage="100%" />
                    <condition number="32" type="jump" coverage="100%" />
                  </conditions>
                </line>
                <line number="30" hits="2" branch="False" />
                <line number="31" hits="2" branch="False" />
                <line number="32" hits="2" branch="False" />
                <line number="33" hits="2" branch="False" />
                <line number="34" hits="2" branch="False" />
                <line number="35" hits="2" branch="False" />
                <line number="37" hits="53979" branch="True" condition-coverage="100% (6/6)">
                  <conditions>
                    <condition number="181" type="jump" coverage="100%" />
                    <condition number="198" type="jump" coverage="100%" />
                    <condition number="223" type="jump" coverage="100%" />
                  </conditions>
                </line>
                <line number="38" hits="53979" branch="False" />
                <line number="39" hits="53979" branch="False" />
                <line number="40" hits="1007" branch="False" />
                <line number="41" hits="1007" branch="False" />
                <line number="42" hits="1007" branch="False" />
                <line number="43" hits="53979" branch="False" />
              </lines>
            </method>
            <method name="ActivateRandomHotSeat" signature="(System.Int32)" line-rate="1" branch-rate="1" complexity="4">
              <lines>
                <line number="46" hits="1007" branch="False" />
                <line number="47" hits="1007" branch="False" />
                <line number="49" hits="1007" branch="False" />
                <line number="50" hits="1007" branch="False" />
                <line number="51" hits="1007" branch="False" />
                <line number="52" hits="1007" branch="False" />
                <line number="54" hits="3518" branch="True" condition-coverage="100% (2/2)">
                  <conditions>
                    <condition number="117" type="jump" coverage="100%" />
                  </conditions>
                </line>
                <line number="55" hits="1759" branch="False" />
                <line number="56" hits="1759" branch="False" />
                <line number="57" hits="1759" branch="True" condition-coverage="100% (2/2)">
                  <conditions>
                    <condition number="80" type="jump" coverage="100%" />
                  </conditions>
                </line>
                <line number="58" hits="1007" branch="False" />
                <line number="59" hits="1007" branch="False" />
                <line number="60" hits="1007" branch="False" />
                <line number="62" hits="752" branch="False" />
                <line number="64" hits="1007" branch="False" />
                <line number="65" hits="1007" branch="False" />
                <line number="66" hits="1007" branch="False" />
                <line number="67" hits="1007" branch="False" />
                <line number="69" hits="1007" branch="False" />
                <line number="70" hits="1007" branch="False" />
              </lines>
            </method>
            <method name="GetMultiplier" signature="(System.Int32)" line-rate="1" branch-rate="1" complexity="4">
              <lines>
                <line number="73" hits="1122" branch="False" />
                <line number="74" hits="1122" branch="True" condition-coverage="100% (4/4)">
                  <conditions>
                    <condition number="12" type="jump" coverage="100%" />
                    <condition number="33" type="jump" coverage="100%" />
                  </conditions>
                </line>
                <line number="75" hits="1001" branch="False" />
                <line number="76" hits="1001" branch="False" />
                <line number="78" hits="121" branch="False" />
                <line number="79" hits="1122" branch="False" />
              </lines>
            </method>
            <method name="IsHotSeat" signature="(System.Int32)" line-rate="1" branch-rate="1" complexity="2">
              <lines>
                <line number="82" hits="304526" branch="False" />
                <line number="83" hits="304526" branch="True" condition-coverage="100% (2/2)">
                  <conditions>
                    <condition number="12" type="jump" coverage="100%" />
                  </conditions>
                </line>
                <line number="84" hits="304526" branch="False" />
              </lines>
            </method>
            <method name=".ctor" signature="(System.Random)" line-rate="1" branch-rate="1" complexity="2">
              <lines>
                <line number="18" hits="1036" branch="False" />
                <line number="19" hits="1036" branch="False" />
                <line number="20" hits="1036" branch="False" />
                <line number="21" hits="1036" branch="False" />
                <line number="22" hits="1036" branch="False" />
                <line number="23" hits="1036" branch="False" />
                <line number="24" hits="1036" branch="True" condition-coverage="100% (2/2)">
                  <conditions>
                    <condition number="54" type="jump" coverage="100%" />
                  </conditions>
                </line>
                <line number="25" hits="1036" branch="False" />
              </lines>
            </method>
            <method name=".cctor" signature="()" line-rate="1" branch-rate="1" complexity="1">
              <lines>
                <line number="15" hits="1" branch="False" />
                <line number="16" hits="1" branch="False" />
              </lines>
            </method>
          </methods>
          <lines>
            <line number="28" hits="53979" branch="False" />
            <line number="29" hits="53979" branch="True" condition-coverage="100% (4/4)">
              <conditions>
                <condition number="12" type="jump" coverage="100%" />
                <condition number="32" type="jump" coverage="100%" />
              </conditions>
            </line>
            <line number="30" hits="2" branch="False" />
            <line number="31" hits="2" branch="False" />
            <line number="32" hits="2" branch="False" />
            <line number="33" hits="2" branch="False" />
            <line number="34" hits="2" branch="False" />
            <line number="35" hits="2" branch="False" />
            <line number="37" hits="53979" branch="True" condition-coverage="100% (6/6)">
              <conditions>
                <condition number="181" type="jump" coverage="100%" />
                <condition number="198" type="jump" coverage="100%" />
                <condition number="223" type="jump" coverage="100%" />
              </conditions>
            </line>
            <line number="38" hits="53979" branch="False" />
            <line number="39" hits="53979" branch="False" />
            <line number="40" hits="1007" branch="False" />
            <line number="41" hits="1007" branch="False" />
            <line number="42" hits="1007" branch="False" />
            <line number="43" hits="53979" branch="False" />
            <line number="46" hits="1007" branch="False" />
            <line number="47" hits="1007" branch="False" />
            <line number="49" hits="1007" branch="False" />
            <line number="50" hits="1007" branch="False" />
            <line number="51" hits="1007" branch="False" />
            <line number="52" hits="1007" branch="False" />
            <line number="54" hits="3518" branch="True" condition-coverage="100% (2/2)">
              <conditions>
                <condition number="117" type="jump" coverage="100%" />
              </conditions>
            </line>
            <line number="55" hits="1759" branch="False" />
            <line number="56" hits="1759" branch="False" />
            <line number="57" hits="1759" branch="True" condition-coverage="100% (2/2)">
              <conditions>
                <condition number="80" type="jump" coverage="100%" />
              </conditions>
            </line>
            <line number="58" hits="1007" branch="False" />
            <line number="59" hits="1007" branch="False" />
            <line number="60" hits="1007" branch="False" />
            <line number="62" hits="752" branch="False" />
            <line number="64" hits="1007" branch="False" />
            <line number="65" hits="1007" branch="False" />
            <line number="66" hits="1007" branch="False" />
            <line number="67" hits="1007" branch="False" />
            <line number="69" hits="1007" branch="False" />
            <line number="70" hits="1007" branch="False" />
            <line number="73" hits="1122" branch="False" />
            <line number="74" hits="1122" branch="True" condition-coverage="100% (4/4)">
              <conditions>
                <condition number="12" type="jump" coverage="100%" />
                <condition number="33" type="jump" coverage="100%" />
              </conditions>
            </line>
            <line number="75" hits="1001" branch="False" />
            <line number="76" hits="1001" branch="False" />
            <line number="78" hits="121" branch="False" />
            <line number="79" hits="1122" branch="False" />
            <line number="82" hits="304526" branch="False" />
            <line number="83" hits="304526" branch="True" condition-coverage="100% (2/2)">
              <conditions>
                <condition number="12" type="jump" coverage="100%" />
              </conditions>
            </line>
            <line number="84" hits="304526" branch="False" />
            <line number="18" hits="1036" branch="False" />
            <line number="19" hits="1036" branch="False" />
            <line number="20" hits="1036" branch="False" />
            <line number="21" hits="1036" branch="False" />
            <line number="22" hits="1036" branch="False" />
            <line number="23" hits="1036" branch="False" />
            <line number="24" hits="1036" branch="True" condition-coverage="100% (2/2)">
              <conditions>
                <condition number="54" type="jump" coverage="100%" />
              </conditions>
            </line>
            <line number="25" hits="1036" branch="False" />
            <line number="15" hits="1" branch="False" />
            <line number="16" hits="1" branch="False" />
          </lines>
        </class>
        <class name="OceanKing.Server.Systems.Paths.BezierPath" filename="Server/Systems/Paths/BezierPath.cs" line-rate="0.9821" branch-rate="1" complexity="6">
          <methods>
            <method name="GetPosition" signature="(System.Single)" line-rate="1" branch-rate="1" complexity="1">
              <lines>
                <line number="32" hits="4163" branch="False" />
                <line number="34" hits="4163" branch="False" />
                <line number="35" hits="4163" branch="False" />
                <line number="36" hits="4163" branch="False" />
                <line number="37" hits="4163" branch="False" />
                <line number="38" hits="4163" branch="False" />
                <line number="40" hits="4163" branch="False" />
                <line number="41" hits="4163" branch="False" />
                <line number="42" hits="4163" branch="False" />
                <line number="43" hits="4163" branch="False" />
                <line number="45" hits="4163" branch="False" />
                <line number="46" hits="4163" branch="False" />
                <line number="47" hits="4163" branch="False" />
                <line number="48" hits="4163" branch="False" />
                <line number="50" hits="4163" branch="False" />
                <line number="51" hits="4163" branch="False" />
              </lines>
            </method>
            <method name="GetPathType" signature="()" line-rate="0" branch-rate="1" complexity="1">
              <lines>
                <line number="53" hits="0" branch="False" />
              </lines>
            </method>
            <method name="GetPathData" signature="()" line-rate="1" branch-rate="1" complexity="1">
              <lines>
                <line number="56" hits="20" branch="False" />
                <line number="58" hits="20" branch="False" />
                <line number="60" hits="20" branch="False" />
                <line number="61" hits="20" branch="False" />
                <line number="62" hits="20" branch="False" />
                <line number="63" hits="20" branch="False" />
                <line number="64" hits="20" branch="False" />
                <line number="65" hits="20" branch="False" />
                <line number="66" hits="20" branch="False" />
                <line number="67" hits="20" branch="False" />
                <line number="68" hits="20" branch="False" />
                <line number="69" hits="20" branch="False" />
                <line number="70" hits="20" branch="False" />
                <line number="71" hits="20" branch="False" />
              </lines>
            </method>
            <method name="ApproximateArcLength" signature="(System.Int32)" line-rate="1" branch-rate="1" complexity="2">
              <lines>
                <line number="74" hits="20" branch="False" />
                <line number="75" hits="20" branch="False" />
                <line number="76" hits="20" branch="False" />
                <line number="78" hits="840" branch="True" condition-coverage="100% (2/2)">
                  <conditions>
                    <condition number="97" type="jump" coverage="100%" />
                  </conditions>
                </line>
                <line number="79" hits="400" branch="False" />
                <line number="80" hits="400" branch="False" />
                <line number="81" hits="400" branch="False" />
                <line number="83" hits="400" branch="False" />
                <line number="84" hits="400" branch="False" />
                <line number="85" hits="400" branch="False" />
                <line number="87" hits="400" branch="False" />
                <line number="88" hits="400" branch="False" />
                <line number="90" hits="20" branch="False" />
                <line number="91" hits="20" branch="False" />
              </lines>
            </method>
            <method name=".ctor" signature="(System.Int32,System.Int32,System.Int32,System.Single,System.Single[],System.Single[],System.Single[],System.Single[])" line-rate="1" branch-rate="1" complexity="1">
              <lines>
                <line number="19" hits="20" branch="False" />
                <line number="20" hits="20" branch="False" />
                <line number="21" hits="20" branch="False" />
                <line number="22" hits="20" branch="False" />
                <line number="23" hits="20" branch="False" />
                <line number="24" hits="20" branch="False" />
                <line number="25" hits="20" branch="False" />
                <line number="26" hits="20" branch="False" />
                <line number="27" hits="20" branch="False" />
                <line number="28" hits="20" branch="False" />
                <line number="29" hits="20" branch="False" />
              </lines>
            </method>
          </methods>
          <lines>
            <line number="32" hits="4163" branch="False" />
            <line number="34" hits="4163" branch="False" />
            <line number="35" hits="4163" branch="False" />
            <line number="36" hits="4163" branch="False" />
            <line number="37" hits="4163" branch="False" />
            <line number="38" hits="4163" branch="False" />
            <line number="40" hits="4163" branch="False" />
            <line number="41" hits="4163" branch="False" />
            <line number="42" hits="4163" branch="False" />
            <line number="43" hits="4163" branch="False" />
            <line number="45" hits="4163" branch="False" />
            <line number="46" hits="4163" branch="False" />
            <line number="47" hits="4163" branch="False" />
            <line number="48" hits="4163" branch="False" />
            <line number="50" hits="4163" branch="False" />
            <line number="51" hits="4163" branch="False" />
            <line number="53" hits="0" branch="False" />
            <line number="56" hits="20" branch="False" />
            <line number="58" hits="20" branch="False" />
            <line number="60" hits="20" branch="False" />
            <line number="61" hits="20" branch="False" />
            <line number="62" hits="20" branch="False" />
            <line number="63" hits="20" branch="False" />
            <line number="64" hits="20" branch="False" />
            <line number="65" hits="20" branch="False" />
            <line number="66" hits="20" branch="False" />
            <line number="67" hits="20" branch="False" />
            <line number="68" hits="20" branch="False" />
            <line number="69" hits="20" branch="False" />
            <line number="70" hits="20" branch="False" />
            <line number="71" hits="20" branch="False" />
            <line number="74" hits="20" branch="False" />
            <line number="75" hits="20" branch="False" />
            <line number="76" hits="20" branch="False" />
            <line number="78" hits="840" branch="True" condition-coverage="100% (2/2)">
              <conditions>
                <condition number="97" type="jump" coverage="100%" />
              </conditions>
            </line>
            <line number="79" hits="400" branch="False" />
            <line number="80" hits="400" branch="False" />
            <line number="81" hits="400" branch="False" />
            <line number="83" hits="400" branch="False" />
            <line number="84" hits="400" branch="False" />
            <line number="85" hits="400" branch="False" />
            <line number="87" hits="400" branch="False" />
            <line number="88" hits="400" branch="False" />
            <line number="90" hits="20" branch="False" />
            <line number="91" hits="20" branch="False" />
            <line number="19" hits="20" branch="False" />
            <line number="20" hits="20" branch="False" />
            <line number="21" hits="20" branch="False" />
            <line number="22" hits="20" branch="False" />
            <line number="23" hits="20" branch="False" />
            <line number="24" hits="20" branch="False" />
            <line number="25" hits="20" branch="False" />
            <line number="26" hits="20" branch="False" />
            <line number="27" hits="20" branch="False" />
            <line number="28" hits="20" branch="False" />
            <line number="29" hits="20" branch="False" />
          </lines>
        </class>
        <class name="OceanKing.Server.Systems.Paths.CircularPath" filename="Server/Systems/Paths/CircularPath.cs" line-rate="0" branch-rate="0" complexity="6">
          <methods>
            <method name="GetPosition" signature="(System.Single)" line-rate="0" branch-rate="0" complexity="2">
              <lines>
                <line number="34" hits="0" branch="False" />
                <line number="36" hits="0" branch="False" />
                <line number="37" hits="0" branch="True" condition-coverage="0% (0/2)">
                  <conditions>
                    <condition number="30" type="jump" coverage="0%" />
                  </conditions>
                </line>
                <line number="38" hits="0" branch="False" />
                <line number="39" hits="0" branch="False" />
                <line number="40" hits="0" branch="False" />
                <line number="42" hits="0" branch="False" />
                <line number="43" hits="0" branch="False" />
                <line number="45" hits="0" branch="False" />
                <line number="46" hits="0" branch="False" />
              </lines>
            </method>
            <method name="GetPathType" signature="()" line-rate="0" branch-rate="1" complexity="1">
              <lines>
                <line number="48" hits="0" branch="False" />
              </lines>
            </method>
            <method name="GetPathData" signature="()" line-rate="0" branch-rate="0" complexity="2">
              <lines>
                <line number="51" hits="0" branch="False" />
                <line number="53" hits="0" branch="False" />
                <line number="54" hits="0" branch="False" />
                <line number="55" hits="0" branch="False" />
                <line number="57" hits="0" branch="True" condition-coverage="0% (0/2)">
                  <conditions>
                    <condition number="190" type="jump" coverage="0%" />
                  </conditions>
                </line>
                <line number="58" hits="0" branch="False" />
                <line number="59" hits="0" branch="False" />
                <line number="60" hits="0" branch="False" />
                <line number="61" hits="0" branch="False" />
                <line number="62" hits="0" branch="False" />
                <line number="63" hits="0" branch="False" />
                <line number="64" hits="0" branch="False" />
                <line number="65" hits="0" branch="False" />
                <line number="66" hits="0" branch="False" />
                <line number="67" hits="0" branch="False" />
                <line number="68" hits="0" branch="False" />
                <line number="69" hits="0" branch="False" />
                <line number="70" hits="0" branch="False" />
                <line number="71" hits="0" branch="False" />
                <line number="72" hits="0" branch="False" />
                <line number="73" hits="0" branch="False" />
              </lines>
            </method>
            <method name=".ctor" signature="(System.Int32,System.Int32,System.Int32,System.Single,System.Single[],System.Single,System.Single,System.Single,System.Boolean)" line-rate="0" branch-rate="1" complexity="1">
              <lines>
                <line number="20" hits="0" branch="False" />
                <line number="21" hits="0" branch="False" />
                <line number="22" hits="0" branch="False" />
                <line number="23" hits="0" branch="False" />
                <line number="24" hits="0" branch="False" />
                <line number="25" hits="0" branch="False" />
                <line number="26" hits="0" branch="False" />
                <line number="27" hits="0" branch="False" />
                <line number="28" hits="0" branch="False" />
                <line number="29" hits="0" branch="False" />
                <line number="30" hits="0" branch="False" />
                <line number="31" hits="0" branch="False" />
              </lines>
            </method>
          </methods>
          <lines>
            <line number="34" hits="0" branch="False" />
            <line number="36" hits="0" branch="False" />
            <line number="37" hits="0" branch="True" condition-coverage="0% (0/2)">
              <conditions>
                <condition number="30" type="jump" coverage="0%" />
              </conditions>
            </line>
            <line number="38" hits="0" branch="False" />
            <line number="39" hits="0" branch="False" />
            <line number="40" hits="0" branch="False" />
            <line number="42" hits="0" branch="False" />
            <line number="43" hits="0" branch="False" />
            <line number="45" hits="0" branch="False" />
            <line number="46" hits="0" branch="False" />
            <line number="48" hits="0" branch="False" />
            <line number="51" hits="0" branch="False" />
            <line number="53" hits="0" branch="False" />
            <line number="54" hits="0" branch="False" />
            <line number="55" hits="0" branch="False" />
            <line number="57" hits="0" branch="True" condition-coverage="0% (0/2)">
              <conditions>
                <condition number="190" type="jump" coverage="0%" />
              </conditions>
            </line>
            <line number="58" hits="0" branch="False" />
            <line number="59" hits="0" branch="False" />
            <line number="60" hits="0" branch="False" />
            <line number="61" hits="0" branch="False" />
            <line number="62" hits="0" branch="False" />
            <line number="63" hits="0" branch="False" />
            <line number="64" hits="0" branch="False" />
            <line number="65" hits="0" branch="False" />
            <line number="66" hits="0" branch="False" />
            <line number="67" hits="0" branch="False" />
            <line number="68" hits="0" branch="False" />
            <line number="69" hits="0" branch="False" />
            <line number="70" hits="0" branch="False" />
            <line number="71" hits="0" branch="False" />
            <line number="72" hits="0" branch="False" />
            <line number="73" hits="0" branch="False" />
            <line number="20" hits="0" branch="False" />
            <line number="21" hits="0" branch="False" />
            <line number="22" hits="0" branch="False" />
            <line number="23" hits="0" branch="False" />
            <line number="24" hits="0" branch="False" />
            <line number="25" hits="0" branch="False" />
            <line number="26" hits="0" branch="False" />
            <line number="27" hits="0" branch="False" />
            <line number="28" hits="0" branch="False" />
            <line number="29" hits="0" branch="False" />
            <line number="30" hits="0" branch="False" />
            <line number="31" hits="0" branch="False" />
          </lines>
        </class>
        <class name="OceanKing.Server.Systems.Paths.LinearPath" filename="Server/Systems/Paths/LinearPath.cs" line-rate="0.9687" branch-rate="1" complexity="4">
          <methods>
            <method name="GetPosition" signature="(System.Single)" line-rate="1" branch-rate="1" complexity="1">
              <lines>
                <line number="28" hits="22068" branch="False" />
                <line number="30" hits="22068" branch="False" />
                <line number="31" hits="22068" branch="False" />
                <line number="32" hits="22068" branch="False" />
                <line number="33" hits="22068" branch="False" />
              </lines>
            </method>
            <method name="GetPathType" signature="()" line-rate="0" branch-rate="1" complexity="1">
              <lines>
                <line number="35" hits="0" branch="False" />
              </lines>
            </method>
            <method name="GetPathData" signature="()" line-rate="1" branch-rate="1" complexity="1">
              <lines>
                <line number="38" hits="259" branch="False" />
                <line number="39" hits="259" branch="False" />
                <line number="40" hits="259" branch="False" />
                <line number="41" hits="259" branch="False" />
                <line number="42" hits="259" branch="False" />
                <line number="44" hits="259" branch="False" />
                <line number="45" hits="259" branch="False" />
                <line number="46" hits="259" branch="False" />
                <line number="47" hits="259" branch="False" />
                <line number="48" hits="259" branch="False" />
                <line number="49" hits="259" branch="False" />
                <line number="50" hits="259" branch="False" />
                <line number="51" hits="259" branch="False" />
                <line number="52" hits="259" branch="False" />
                <line number="53" hits="259" branch="False" />
                <line number="54" hits="259" branch="False" />
                <line number="55" hits="259" branch="False" />
              </lines>
            </method>
            <method name=".ctor" signature="(System.Int32,System.Int32,System.Int32,System.Single,System.Single[],System.Single[])" line-rate="1" branch-rate="1" complexity="1">
              <lines>
                <line number="17" hits="284" branch="False" />
                <line number="18" hits="284" branch="False" />
                <line number="19" hits="284" branch="False" />
                <line number="20" hits="284" branch="False" />
                <line number="21" hits="284" branch="False" />
                <line number="22" hits="284" branch="False" />
                <line number="23" hits="284" branch="False" />
                <line number="24" hits="284" branch="False" />
                <line number="25" hits="284" branch="False" />
              </lines>
            </method>
          </methods>
          <lines>
            <line number="28" hits="22068" branch="False" />
            <line number="30" hits="22068" branch="False" />
            <line number="31" hits="22068" branch="False" />
            <line number="32" hits="22068" branch="False" />
            <line number="33" hits="22068" branch="False" />
            <line number="35" hits="0" branch="False" />
            <line number="38" hits="259" branch="False" />
            <line number="39" hits="259" branch="False" />
            <line number="40" hits="259" branch="False" />
            <line number="41" hits="259" branch="False" />
            <line number="42" hits="259" branch="False" />
            <line number="44" hits="259" branch="False" />
            <line number="45" hits="259" branch="False" />
            <line number="46" hits="259" branch="False" />
            <line number="47" hits="259" branch="False" />
            <line number="48" hits="259" branch="False" />
            <line number="49" hits="259" branch="False" />
            <line number="50" hits="259" branch="False" />
            <line number="51" hits="259" branch="False" />
            <line number="52" hits="259" branch="False" />
            <line number="53" hits="259" branch="False" />
            <line number="54" hits="259" branch="False" />
            <line number="55" hits="259" branch="False" />
            <line number="17" hits="284" branch="False" />
            <line number="18" hits="284" branch="False" />
            <line number="19" hits="284" branch="False" />
            <line number="20" hits="284" branch="False" />
            <line number="21" hits="284" branch="False" />
            <line number="22" hits="284" branch="False" />
            <line number="23" hits="284" branch="False" />
            <line number="24" hits="284" branch="False" />
            <line number="25" hits="284" branch="False" />
          </lines>
        </class>
        <class name="OceanKing.Server.Systems.Paths.PathGenerator" filename="Server/Systems/Paths/PathGenerator.cs" line-rate="0.8515999999999999" branch-rate="0.8545" complexity="63">
          <methods>
            <method name="GeneratePathForFish" signature="(System.Int32,OceanKing.Server.Entities.FishDefinition,System.Int32,System.Int32,System.Int32,System.Int64)" line-rate="0.975" branch-rate="0.8887999999999999" complexity="9">
              <lines>
                <line number="46" hits="552" branch="False" />
                <line number="48" hits="552" branch="False" />
                <line number="49" hits="552" branch="False" />
                <line number="53" hits="552" branch="False" />
                <line number="57" hits="552" branch="False" />
                <line number="58" hits="552" branch="False" />
                <line number="59" hits="552" branch="True" condition-coverage="100% (2/2)">
                  <conditions>
                    <condition number="69" type="jump" coverage="100%" />
                  </conditions>
                </line>
                <line number="60" hits="207" branch="False" />
                <line number="62" hits="207" branch="False" />
                <line number="65" hits="207" branch="False" />
                <line number="67" hits="207" branch="True" condition-coverage="100% (2/2)">
                  <conditions>
                    <condition number="140" type="jump" coverage="100%" />
                  </conditions>
                </line>
                <line number="68" hits="207" branch="False" />
                <line number="69" hits="207" branch="False" />
                <line number="70" hits="207" branch="False" />
                <line number="71" hits="207" branch="False" />
                <line number="72" hits="207" branch="False" />
                <line number="73" hits="207" branch="False" />
                <line number="74" hits="207" branch="False" />
                <line number="75" hits="207" branch="False" />
                <line number="76" hits="207" branch="False" />
                <line number="77" hits="207" branch="False" />
                <line number="78" hits="207" branch="False" />
                <line number="79" hits="207" branch="False" />
                <line number="80" hits="207" branch="False" />
                <line number="81" hits="207" branch="False" />
                <line number="82" hits="207" branch="False" />
                <line number="83" hits="207" branch="False" />
                <line number="84" hits="207" branch="False" />
                <line number="87" hits="207" branch="False" />
                <line number="88" hits="207" branch="False" />
                <line number="89" hits="552" branch="False" />
                <line number="92" hits="552" branch="True" condition-coverage="80% (4/5)">
                  <conditions>
                    <condition number="443" type="switch" coverage="80%" />
                  </conditions>
                </line>
                <line number="93" hits="552" branch="False" />
                <line number="94" hits="483" branch="False" />
                <line number="95" hits="42" branch="False" />
                <line number="96" hits="20" branch="False" />
                <line number="97" hits="7" branch="False" />
                <line number="98" hits="0" branch="False" />
                <line number="99" hits="552" branch="False" />
                <line number="100" hits="552" branch="False" />
              </lines>
            </method>
            <method name="CleanupOldCacheEntries" signature="(System.Int64)" line-rate="1" branch-rate="1" complexity="2">
              <lines>
                <line number="103" hits="207" branch="False" />
                <line number="105" hits="207" branch="False" />
                <line number="106" hits="12506" branch="False" />
                <line number="107" hits="67" branch="False" />
                <line number="108" hits="207" branch="False" />
                <line number="110" hits="755" branch="True" condition-coverage="100% (2/2)">
                  <conditions>
                    <condition number="117" type="jump" coverage="100%" />
                  </conditions>
                </line>
                <line number="111" hits="67" branch="False" />
                <line number="112" hits="67" branch="False" />
                <line number="113" hits="67" branch="False" />
                <line number="114" hits="207" branch="False" />
              </lines>
            </method>
            <method name="ComputeBaseAnchorPoints" signature="(OceanKing.Server.Systems.Paths.SeededRandom,System.Int32)" line-rate="0.8593000000000001" branch-rate="0.9031999999999999" complexity="31">
              <lines>
                <line number="120" hits="207" branch="False" />
                <line number="122" hits="207" branch="True" condition-coverage="50% (2/4)">
                  <conditions>
                    <condition number="3" type="jump" coverage="50%" />
                    <condition number="16" type="jump" coverage="50%" />
                  </conditions>
                </line>
                <line number="123" hits="0" branch="False" />
                <line number="124" hits="0" branch="False" />
                <line number="125" hits="0" branch="False" />
                <line number="126" hits="0" branch="False" />
                <line number="127" hits="0" branch="False" />
                <line number="128" hits="0" branch="False" />
                <line number="135" hits="207" branch="True" condition-coverage="88.88% (8/9)">
                  <conditions>
                    <condition number="86" type="switch" coverage="88.88%" />
                  </conditions>
                </line>
                <line number="138" hits="30" branch="False" />
                <line number="139" hits="30" branch="False" />
                <line number="140" hits="30" branch="False" />
                <line number="142" hits="29" branch="False" />
                <line number="143" hits="29" branch="False" />
                <line number="144" hits="29" branch="False" />
                <line number="146" hits="23" branch="False" />
                <line number="147" hits="23" branch="False" />
                <line number="148" hits="23" branch="False" />
                <line number="150" hits="24" branch="False" />
                <line number="151" hits="24" branch="False" />
                <line number="152" hits="24" branch="False" />
                <line number="154" hits="31" branch="True" condition-coverage="100% (2/2)">
                  <conditions>
                    <condition number="287" type="jump" coverage="100%" />
                  </conditions>
                </line>
                <line number="155" hits="31" branch="True" condition-coverage="100% (2/2)">
                  <conditions>
                    <condition number="302" type="jump" coverage="100%" />
                  </conditions>
                </line>
                <line number="156" hits="25" branch="False" />
                <line number="157" hits="25" branch="False" />
                <line number="158" hits="25" branch="False" />
                <line number="160" hits="6" branch="False" />
                <line number="161" hits="6" branch="False" />
                <line number="162" hits="6" branch="False" />
                <line number="163" hits="31" branch="False" />
                <line number="165" hits="17" branch="True" condition-coverage="100% (2/2)">
                  <conditions>
                    <condition number="378" type="jump" coverage="100%" />
                  </conditions>
                </line>
                <line number="166" hits="17" branch="True" condition-coverage="100% (2/2)">
                  <conditions>
                    <condition number="393" type="jump" coverage="100%" />
                  </conditions>
                </line>
                <line number="167" hits="13" branch="False" />
                <line number="168" hits="13" branch="False" />
                <line number="169" hits="13" branch="False" />
                <line number="171" hits="4" branch="False" />
                <line number="172" hits="4" branch="False" />
                <line number="173" hits="4" branch="False" />
                <line number="174" hits="17" branch="False" />
                <line number="176" hits="31" branch="True" condition-coverage="100% (2/2)">
                  <conditions>
                    <condition number="477" type="jump" coverage="100%" />
                  </conditions>
                </line>
                <line number="177" hits="31" branch="True" condition-coverage="100% (2/2)">
                  <conditions>
                    <condition number="492" type="jump" coverage="100%" />
                  </conditions>
                </line>
                <line number="178" hits="7" branch="False" />
                <line number="179" hits="7" branch="False" />
                <line number="180" hits="7" branch="False" />
                <line number="182" hits="24" branch="False" />
                <line number="183" hits="24" branch="False" />
                <line number="184" hits="24" branch="False" />
                <line number="185" hits="31" branch="False" />
                <line number="187" hits="22" branch="True" condition-coverage="100% (2/2)">
                  <conditions>
                    <condition number="573" type="jump" coverage="100%" />
                  </conditions>
                </line>
                <line number="188" hits="22" branch="True" condition-coverage="100% (2/2)">
                  <conditions>
                    <condition number="588" type="jump" coverage="100%" />
                  </conditions>
                </line>
                <line number="189" hits="5" branch="False" />
                <line number="190" hits="5" branch="False" />
                <line number="191" hits="5" branch="False" />
                <line number="193" hits="17" branch="False" />
                <line number="194" hits="17" branch="False" />
                <line number="195" hits="17" branch="False" />
                <line number="196" hits="22" branch="False" />
                <line number="198" hits="0" branch="False" />
                <line number="199" hits="0" branch="False" />
                <line number="200" hits="0" branch="False" />
                <line number="204" hits="207" branch="True" condition-coverage="100% (2/2)">
                  <conditions>
                    <condition number="687" type="jump" coverage="100%" />
                  </conditions>
                </line>
                <line number="205" hits="207" branch="False" />
                <line number="207" hits="207" branch="False" />
                <line number="208" hits="207" branch="False" />
              </lines>
            </method>
            <method name="GenerateGroupAnchorSeed" signature="(System.Int32,System.Int32)" line-rate="1" branch-rate="1" complexity="1">
              <lines>
                <line number="211" hits="552" branch="False" />
                <line number="213" hits="552" branch="False" />
                <line number="214" hits="552" branch="False" />
                <line number="215" hits="552" branch="False" />
              </lines>
            </method>
            <method name="GenerateSeed" signature="(System.Int32,System.Int32,System.Int32,System.Int32)" line-rate="1" branch-rate="1" complexity="1">
              <lines>
                <line number="218" hits="552" branch="False" />
                <line number="222" hits="552" branch="False" />
                <line number="223" hits="552" branch="False" />
                <line number="224" hits="552" branch="False" />
              </lines>
            </method>
            <method name="GenerateLinearOrSinePath" signature="(System.Int32,System.Int32,System.Int32,OceanKing.Server.Entities.FishDefinition,OceanKing.Server.Systems.Paths.SeededRandom,System.Int32,System.Int32,System.Int32,OceanKing.Server.Systems.Paths.PathGenerator/SharedGroupParameters)" line-rate="1" branch-rate="1" complexity="2">
              <lines>
                <line number="227" hits="525" branch="False" />
                <line number="229" hits="525" branch="False" />
                <line number="232" hits="525" branch="True" condition-coverage="100% (2/2)">
                  <conditions>
                    <condition number="39" type="jump" coverage="100%" />
                  </conditions>
                </line>
                <line number="233" hits="241" branch="False" />
                <line number="234" hits="241" branch="False" />
                <line number="237" hits="284" branch="False" />
                <line number="238" hits="284" branch="False" />
                <line number="240" hits="525" branch="False" />
              </lines>
            </method>
            <method name="GenerateLinearPath" signature="(System.Int32,System.Int32,System.Int32,OceanKing.Server.Entities.FishDefinition,OceanKing.Server.Systems.Paths.SeededRandom,System.Int32,System.Int32,System.Int32,OceanKing.Server.Systems.Paths.PathGenerator/SharedGroupParameters)" line-rate="0" branch-rate="1" complexity="1">
              <lines>
                <line number="243" hits="0" branch="False" />
                <line number="244" hits="0" branch="False" />
                <line number="245" hits="0" branch="False" />
                <line number="246" hits="0" branch="False" />
              </lines>
            </method>
            <method name="GenerateSinePath" signature="(System.Int32,System.Int32,System.Int32,OceanKing.Server.Entities.FishDefinition,OceanKing.Server.Systems.Paths.SeededRandom,System.Int32,System.Int32,System.Int32,OceanKing.Server.Systems.Paths.PathGenerator/SharedGroupParameters)" line-rate="1" branch-rate="1" complexity="1">
              <lines>
                <line number="249" hits="7" branch="False" />
                <line number="250" hits="7" branch="False" />
                <line number="253" hits="7" branch="False" />
                <line number="254" hits="7" branch="False" />
              </lines>
            </method>
            <method name="GenerateSinePathWithPoints" signature="(System.Int32,System.Int32,System.Int32,System.Single,System.Single[],System.Single[])" line-rate="0" branch-rate="1" complexity="1">
              <lines>
                <line number="260" hits="0" branch="False" />
                <line number="261" hits="0" branch="False" />
                <line number="262" hits="0" branch="False" />
                <line number="263" hits="0" branch="False" />
                <line number="264" hits="0" branch="False" />
              </lines>
            </method>
            <method name="GenerateBezierPath" signature="(System.Int32,System.Int32,System.Int32,OceanKing.Server.Entities.FishDefinition,OceanKing.Server.Systems.Paths.SeededRandom,System.Int32,System.Int32,System.Int32,OceanKing.Server.Systems.Paths.PathGenerator/SharedGroupParameters)" line-rate="1" branch-rate="1" complexity="1">
              <lines>
                <line number="267" hits="20" branch="False" />
                <line number="269" hits="20" branch="False" />
                <line number="272" hits="20" branch="False" />
                <line number="273" hits="20" branch="False" />
                <line number="274" hits="20" branch="False" />
                <line number="275" hits="20" branch="False" />
                <line number="276" hits="20" branch="False" />
                <line number="278" hits="20" branch="False" />
                <line number="279" hits="20" branch="False" />
                <line number="280" hits="20" branch="False" />
                <line number="281" hits="20" branch="False" />
                <line number="282" hits="20" branch="False" />
                <line number="284" hits="20" branch="False" />
                <line number="285" hits="20" branch="False" />
              </lines>
            </method>
            <method name="GenerateEdgeToEdgePoints" signature="(OceanKing.Server.Systems.Paths.SeededRandom)" line-rate="0" branch-rate="1" complexity="1">
              <lines>
                <line number="291" hits="0" branch="False" />
                <line number="292" hits="0" branch="False" />
                <line number="293" hits="0" branch="False" />
                <line number="295" hits="0" branch="False" />
                <line number="296" hits="0" branch="False" />
                <line number="298" hits="0" branch="False" />
                <line number="299" hits="0" branch="False" />
              </lines>
            </method>
            <method name="GenerateEdgeToEdgePointsFromSpawnEdge" signature="(OceanKing.Server.Systems.Paths.SeededRandom,System.Int32,System.Int32,OceanKing.Server.Systems.Paths.PathGenerator/SharedGroupParameters)" line-rate="0.8709" branch-rate="0.5" complexity="6">
              <lines>
                <line number="307" hits="552" branch="False" />
                <line number="309" hits="552" branch="True" condition-coverage="50% (2/4)">
                  <conditions>
                    <condition number="3" type="jump" coverage="50%" />
                    <condition number="16" type="jump" coverage="50%" />
                  </conditions>
                </line>
                <line number="310" hits="0" branch="False" />
                <line number="311" hits="0" branch="False" />
                <line number="315" hits="552" branch="False" />
                <line number="316" hits="552" branch="False" />
                <line number="319" hits="552" branch="False" />
                <line number="320" hits="552" branch="False" />
                <line number="321" hits="552" branch="False" />
                <line number="324" hits="552" branch="True" condition-coverage="50% (1/2)">
                  <conditions>
                    <condition number="89" type="jump" coverage="50%" />
                  </conditions>
                </line>
                <line number="325" hits="0" branch="False" />
                <line number="326" hits="0" branch="False" />
                <line number="329" hits="552" branch="False" />
                <line number="330" hits="552" branch="False" />
                <line number="334" hits="552" branch="False" />
                <line number="335" hits="552" branch="False" />
                <line number="340" hits="552" branch="False" />
                <line number="341" hits="552" branch="False" />
                <line number="342" hits="552" branch="False" />
                <line number="345" hits="552" branch="False" />
                <line number="346" hits="552" branch="False" />
                <line number="347" hits="552" branch="False" />
                <line number="350" hits="552" branch="False" />
                <line number="351" hits="552" branch="False" />
                <line number="352" hits="552" branch="False" />
                <line number="357" hits="552" branch="False" />
                <line number="358" hits="552" branch="False" />
                <line number="359" hits="552" branch="False" />
                <line number="360" hits="552" branch="False" />
                <line number="362" hits="552" branch="False" />
                <line number="363" hits="552" branch="False" />
              </lines>
            </method>
            <method name="GeneratePointOnEdge" signature="(System.Int32,OceanKing.Server.Systems.Paths.SeededRandom)" line-rate="0.9" branch-rate="0.8" complexity="5">
              <lines>
                <line number="366" hits="207" branch="False" />
                <line number="369" hits="207" branch="True" condition-coverage="80% (4/5)">
                  <conditions>
                    <condition number="6" type="switch" coverage="80%" />
                  </conditions>
                </line>
                <line number="370" hits="207" branch="False" />
                <line number="371" hits="35" branch="False" />
                <line number="372" hits="66" branch="False" />
                <line number="373" hits="60" branch="False" />
                <line number="374" hits="46" branch="False" />
                <line number="375" hits="0" branch="False" />
                <line number="376" hits="207" branch="False" />
                <line number="377" hits="207" branch="False" />
              </lines>
            </method>
            <method name=".cctor" signature="()" line-rate="1" branch-rate="1" complexity="1">
              <lines>
                <line number="13" hits="1" branch="False" />
                <line number="16" hits="1" branch="False" />
                <line number="17" hits="1" branch="False" />
                <line number="18" hits="1" branch="False" />
              </lines>
            </method>
          </methods>
          <lines>
            <line number="46" hits="552" branch="False" />
            <line number="48" hits="552" branch="False" />
            <line number="49" hits="552" branch="False" />
            <line number="53" hits="552" branch="False" />
            <line number="57" hits="552" branch="False" />
            <line number="58" hits="552" branch="False" />
            <line number="59" hits="552" branch="True" condition-coverage="100% (2/2)">
              <conditions>
                <condition number="69" type="jump" coverage="100%" />
              </conditions>
            </line>
            <line number="60" hits="207" branch="False" />
            <line number="62" hits="207" branch="False" />
            <line number="65" hits="207" branch="False" />
            <line number="67" hits="207" branch="True" condition-coverage="100% (2/2)">
              <conditions>
                <condition number="140" type="jump" coverage="100%" />
              </conditions>
            </line>
            <line number="68" hits="207" branch="False" />
            <line number="69" hits="207" branch="False" />
            <line number="70" hits="207" branch="False" />
            <line number="71" hits="207" branch="False" />
            <line number="72" hits="207" branch="False" />
            <line number="73" hits="207" branch="False" />
            <line number="74" hits="207" branch="False" />
            <line number="75" hits="207" branch="False" />
            <line number="76" hits="207" branch="False" />
            <line number="77" hits="207" branch="False" />
            <line number="78" hits="207" branch="False" />
            <line number="79" hits="207" branch="False" />
            <line number="80" hits="207" branch="False" />
            <line number="81" hits="207" branch="False" />
            <line number="82" hits="207" branch="False" />
            <line number="83" hits="207" branch="False" />
            <line number="84" hits="207" branch="False" />
            <line number="87" hits="207" branch="False" />
            <line number="88" hits="207" branch="False" />
            <line number="89" hits="552" branch="False" />
            <line number="92" hits="552" branch="True" condition-coverage="80% (4/5)">
              <conditions>
                <condition number="443" type="switch" coverage="80%" />
              </conditions>
            </line>
            <line number="93" hits="552" branch="False" />
            <line number="94" hits="483" branch="False" />
            <line number="95" hits="42" branch="False" />
            <line number="96" hits="20" branch="False" />
            <line number="97" hits="7" branch="False" />
            <line number="98" hits="0" branch="False" />
[...]
                </line>
                <line number="185" hits="0" branch="False" />
                <line number="186" hits="0" branch="False" />
                <line number="187" hits="0" branch="False" />
                <line number="188" hits="0" branch="False" />
                <line number="189" hits="0" branch="False" />
                <line number="190" hits="0" branch="False" />
                <line number="192" hits="0" branch="False" />
                <line number="193" hits="0" branch="False" />
                <line number="195" hits="0" branch="True" condition-coverage="0% (0/2)">
                  <conditions>
                    <condition number="1000" type="jump" coverage="0%" />
                  </conditions>
                </line>
                <line number="196" hits="0" branch="False" />
                <line number="197" hits="0" branch="False" />
                <line number="198" hits="0" branch="False" />
                <line number="201" hits="0" branch="False" />
                <line number="204" hits="0" branch="False" />
                <line number="206" hits="0" branch="True" condition-coverage="0% (0/2)">
                  <conditions>
                    <condition number="1189" type="jump" coverage="0%" />
                  </conditions>
                </line>
                <line number="207" hits="0" branch="False" />
                <line number="208" hits="0" branch="False" />
                <line number="209" hits="0" branch="False" />
                <line number="213" hits="0" branch="False" />
                <line number="215" hits="0" branch="False" />
                <line number="216" hits="0" branch="False" />
                <line number="218" hits="0" branch="False" />
                <line number="220" hits="0" branch="False" />
                <line number="222" hits="0" branch="False" />
                <line number="223" hits="0" branch="False" />
                <line number="224" hits="0" branch="False" />
                <line number="225" hits="0" branch="False" />
                <line number="226" hits="0" branch="False" />
                <line number="227" hits="0" branch="False" />
                <line number="228" hits="0" branch="False" />
                <line number="229" hits="0" branch="False" />
                <line number="230" hits="0" branch="False" />
                <line number="231" hits="0" branch="False" />
                <line number="233" hits="0" branch="False" />
                <line number="234" hits="0" branch="False" />
                <line number="235" hits="0" branch="False" />
                <line number="236" hits="0" branch="False" />
                <line number="238" hits="0" branch="False" />
              </lines>
            </method>
          </methods>
          <lines>
            <line number="145" hits="0" branch="False" />
            <line number="147" hits="0" branch="False" />
            <line number="148" hits="0" branch="False" />
            <line number="150" hits="0" branch="False" />
            <line number="153" hits="0" branch="True" condition-coverage="0% (0/4)">
              <conditions>
                <condition number="262" type="jump" coverage="0%" />
                <condition number="280" type="jump" coverage="0%" />
              </conditions>
            </line>
            <line number="154" hits="0" branch="False" />
            <line number="155" hits="0" branch="False" />
            <line number="156" hits="0" branch="False" />
            <line number="160" hits="0" branch="False" />
            <line number="161" hits="0" branch="False" />
            <line number="163" hits="0" branch="True" condition-coverage="0% (0/2)">
              <conditions>
                <condition number="407" type="jump" coverage="0%" />
              </conditions>
            </line>
            <line number="164" hits="0" branch="False" />
            <line number="165" hits="0" branch="False" />
            <line number="166" hits="0" branch="False" />
            <line number="168" hits="0" branch="True" condition-coverage="0% (0/2)">
              <conditions>
                <condition number="473" type="jump" coverage="0%" />
              </conditions>
            </line>
            <line number="169" hits="0" branch="False" />
            <line number="170" hits="0" branch="False" />
            <line number="171" hits="0" branch="False" />
            <line number="173" hits="0" branch="False" />
            <line number="176" hits="0" branch="False" />
            <line number="178" hits="0" branch="True" condition-coverage="0% (0/2)">
              <conditions>
                <condition number="580" type="jump" coverage="0%" />
              </conditions>
            </line>
            <line number="179" hits="0" branch="False" />
            <line number="180" hits="0" branch="False" />
            <line number="181" hits="0" branch="False" />
            <line number="184" hits="0" branch="True" condition-coverage="0% (0/2)">
              <conditions>
                <condition number="731" type="jump" coverage="0%" />
              </conditions>
            </line>
            <line number="185" hits="0" branch="False" />
            <line number="186" hits="0" branch="False" />
            <line number="187" hits="0" branch="False" />
            <line number="188" hits="0" branch="False" />
            <line number="189" hits="0" branch="False" />
            <line number="190" hits="0" branch="False" />
            <line number="192" hits="0" branch="False" />
            <line number="193" hits="0" branch="False" />
            <line number="195" hits="0" branch="True" condition-coverage="0% (0/2)">
              <conditions>
                <condition number="1000" type="jump" coverage="0%" />
              </conditions>
            </line>
            <line number="196" hits="0" branch="False" />
            <line number="197" hits="0" branch="False" />
            <line number="198" hits="0" branch="False" />
            <line number="201" hits="0" branch="False" />
            <line number="204" hits="0" branch="False" />
            <line number="206" hits="0" branch="True" condition-coverage="0% (0/2)">
              <conditions>
                <condition number="1189" type="jump" coverage="0%" />
              </conditions>
            </line>
            <line number="207" hits="0" branch="False" />
            <line number="208" hits="0" branch="False" />
            <line number="209" hits="0" branch="False" />
            <line number="213" hits="0" branch="False" />
            <line number="215" hits="0" branch="False" />
            <line number="216" hits="0" branch="False" />
            <line number="218" hits="0" branch="False" />
            <line number="220" hits="0" branch="False" />
            <line number="222" hits="0" branch="False" />
            <line number="223" hits="0" branch="False" />
            <line number="224" hits="0" branch="False" />
            <line number="225" hits="0" branch="False" />
            <line number="226" hits="0" branch="False" />
            <line number="227" hits="0" branch="False" />
            <line number="228" hits="0" branch="False" />
            <line number="229" hits="0" branch="False" />
            <line number="230" hits="0" branch="False" />
            <line number="231" hits="0" branch="False" />
            <line number="233" hits="0" branch="False" />
            <line number="234" hits="0" branch="False" />
            <line number="235" hits="0" branch="False" />
            <line number="236" hits="0" branch="False" />
            <line number="238" hits="0" branch="False" />
          </lines>
        </class>
        <class name="OceanKing.Hubs.GameHub/&lt;OnDisconnectedAsync&gt;d__12" filename="Hubs/GameHub.cs" line-rate="0" branch-rate="0" complexity="12">
          <methods>
            <method name="MoveNext" signature="()" line-rate="0" branch-rate="0" complexity="12">
              <lines>
                <line number="288" hits="0" branch="False" />
                <line number="289" hits="0" branch="True" condition-coverage="0% (0/2)">
                  <conditions>
                    <condition number="61" type="jump" coverage="0%" />
                  </conditions>
                </line>
                <line number="291" hits="0" branch="True" condition-coverage="0% (0/2)">
                  <conditions>
                    <condition number="126" type="jump" coverage="0%" />
                  </conditions>
                </line>
                <line number="292" hits="0" branch="False" />
                <line number="293" hits="0" branch="True" condition-coverage="0% (0/2)">
                  <conditions>
                    <condition number="166" type="jump" coverage="0%" />
                  </conditions>
                </line>
                <line number="294" hits="0" branch="False" />
                <line number="295" hits="0" branch="False" />
                <line number="296" hits="0" branch="False" />
                <line number="298" hits="0" branch="True" condition-coverage="0% (0/2)">
                  <conditions>
                    <condition number="228" type="jump" coverage="0%" />
                  </conditions>
                </line>
                <line number="299" hits="0" branch="False" />
                <line number="300" hits="0" branch="False" />
                <line number="301" hits="0" branch="True" condition-coverage="0% (0/2)">
                  <conditions>
                    <condition number="270" type="jump" coverage="0%" />
                  </conditions>
                </line>
                <line number="302" hits="0" branch="False" />
                <line number="303" hits="0" branch="False" />
                <line number="304" hits="0" branch="False" />
                <line number="305" hits="0" branch="False" />
                <line number="308" hits="0" branch="True" condition-coverage="0% (0/2)">
                  <conditions>
                    <condition number="345" type="jump" coverage="0%" />
                  </conditions>
                </line>
                <line number="309" hits="0" branch="False" />
                <line number="310" hits="0" branch="False" />
                <line number="311" hits="0" branch="False" />
                <line number="312" hits="0" branch="False" />
                <line number="313" hits="0" branch="False" />
                <line number="314" hits="0" branch="False" />
                <line number="316" hits="0" branch="False" />
                <line number="317" hits="0" branch="False" />
                <line number="318" hits="0" branch="False" />
                <line number="319" hits="0" branch="False" />
                <line number="321" hits="0" branch="False" />
                <line number="322" hits="0" branch="False" />
              </lines>
            </method>
          </methods>
          <lines>
            <line number="288" hits="0" branch="False" />
            <line number="289" hits="0" branch="True" condition-coverage="0% (0/2)">
              <conditions>
                <condition number="61" type="jump" coverage="0%" />
              </conditions>
            </line>
            <line number="291" hits="0" branch="True" condition-coverage="0% (0/2)">
              <conditions>
                <condition number="126" type="jump" coverage="0%" />
              </conditions>
            </line>
            <line number="292" hits="0" branch="False" />
            <line number="293" hits="0" branch="True" condition-coverage="0% (0/2)">
              <conditions>
                <condition number="166" type="jump" coverage="0%" />
              </conditions>
            </line>
            <line number="294" hits="0" branch="False" />
            <line number="295" hits="0" branch="False" />
            <line number="296" hits="0" branch="False" />
            <line number="298" hits="0" branch="True" condition-coverage="0% (0/2)">
              <conditions>
                <condition number="228" type="jump" coverage="0%" />
              </conditions>
            </line>
            <line number="299" hits="0" branch="False" />
            <line number="300" hits="0" branch="False" />
            <line number="301" hits="0" branch="True" condition-coverage="0% (0/2)">
              <conditions>
                <condition number="270" type="jump" coverage="0%" />
              </conditions>
            </line>
            <line number="302" hits="0" branch="False" />
            <line number="303" hits="0" branch="False" />
            <line number="304" hits="0" branch="False" />
            <line number="305" hits="0" branch="False" />
            <line number="308" hits="0" branch="True" condition-coverage="0% (0/2)">
              <conditions>
                <condition number="345" type="jump" coverage="0%" />
              </conditions>
            </line>
            <line number="309" hits="0" branch="False" />
            <line number="310" hits="0" branch="False" />
            <line number="311" hits="0" branch="False" />
            <line number="312" hits="0" branch="False" />
            <line number="313" hits="0" branch="False" />
            <line number="314" hits="0" branch="False" />
            <line number="316" hits="0" branch="False" />
            <line number="317" hits="0" branch="False" />
            <line number="318" hits="0" branch="False" />
            <line number="319" hits="0" branch="False" />
            <line number="321" hits="0" branch="False" />
            <line number="322" hits="0" branch="False" />
          </lines>
        </class>
        <class name="OceanKing.Hubs.GameHub/&lt;SelectTurretSlot&gt;d__7" filename="Hubs/GameHub.cs" line-rate="0.14279999999999998" branch-rate="0.07139999999999999" complexity="14">
          <methods>
            <method name="MoveNext" signature="()" line-rate="0.14279999999999998" branch-rate="0.07139999999999999" complexity="14">
              <lines>
                <line number="80" hits="3" branch="False" />
                <line number="81" hits="3" branch="True" condition-coverage="50% (1/2)">
                  <conditions>
                    <condition number="55" type="jump" coverage="50%" />
                  </conditions>
                </line>
                <line number="82" hits="3" branch="False" />
                <line number="84" hits="0" branch="True" condition-coverage="0% (0/2)">
                  <conditions>
                    <condition number="111" type="jump" coverage="0%" />
                  </conditions>
                </line>
                <line number="85" hits="0" branch="False" />
                <line number="87" hits="0" branch="False" />
                <line number="88" hits="0" branch="False" />
                <line number="90" hits="0" branch="True" condition-coverage="0% (0/2)">
                  <conditions>
                    <condition number="188" type="jump" coverage="0%" />
                  </conditions>
                </line>
                <line number="91" hits="0" branch="False" />
                <line number="93" hits="0" branch="True" condition-coverage="0% (0/4)">
                  <conditions>
                    <condition number="214" type="jump" coverage="0%" />
                    <condition number="232" type="jump" coverage="0%" />
                  </conditions>
                </line>
                <line number="94" hits="0" branch="False" />
                <line number="96" hits="0" branch="False" />
                <line number="98" hits="0" branch="True" condition-coverage="0% (0/2)">
                  <conditions>
                    <condition number="290" type="jump" coverage="0%" />
                  </conditions>
                </line>
                <line number="99" hits="0" branch="False" />
                <line number="100" hits="0" branch="False" />
                <line number="101" hits="0" branch="True" condition-coverage="0% (0/2)">
                  <conditions>
                    <condition number="332" type="jump" coverage="0%" />
                  </conditions>
                </line>
                <line number="102" hits="0" branch="False" />
                <line number="103" hits="0" branch="False" />
                <line number="105" hits="0" branch="False" />
                <line number="106" hits="0" branch="False" />
                <line number="107" hits="0" branch="False" />
                <line number="108" hits="0" branch="False" />
                <line number="109" hits="0" branch="False" />
                <line number="110" hits="0" branch="False" />
                <line number="111" hits="0" branch="False" />
                <line number="113" hits="0" branch="False" />
                <line number="116" hits="0" branch="False" />
                <line number="117" hits="3" branch="False" />
              </lines>
            </method>
          </methods>
          <lines>
            <line number="80" hits="3" branch="False" />
            <line number="81" hits="3" branch="True" condition-coverage="50% (1/2)">
              <conditions>
                <condition number="55" type="jump" coverage="50%" />
              </conditions>
            </line>
            <line number="82" hits="3" branch="False" />
            <line number="84" hits="0" branch="True" condition-coverage="0% (0/2)">
              <conditions>
                <condition number="111" type="jump" coverage="0%" />
              </conditions>
            </line>
            <line number="85" hits="0" branch="False" />
            <line number="87" hits="0" branch="False" />
            <line number="88" hits="0" branch="False" />
            <line number="90" hits="0" branch="True" condition-coverage="0% (0/2)">
              <conditions>
                <condition number="188" type="jump" coverage="0%" />
              </conditions>
            </line>
            <line number="91" hits="0" branch="False" />
            <line number="93" hits="0" branch="True" condition-coverage="0% (0/4)">
              <conditions>
                <condition number="214" type="jump" coverage="0%" />
                <condition number="232" type="jump" coverage="0%" />
              </conditions>
            </line>
            <line number="94" hits="0" branch="False" />
            <line number="96" hits="0" branch="False" />
            <line number="98" hits="0" branch="True" condition-coverage="0% (0/2)">
              <conditions>
                <condition number="290" type="jump" coverage="0%" />
              </conditions>
            </line>
            <line number="99" hits="0" branch="False" />
            <line number="100" hits="0" branch="False" />
            <line number="101" hits="0" branch="True" condition-coverage="0% (0/2)">
              <conditions>
                <condition number="332" type="jump" coverage="0%" />
              </conditions>
            </line>
            <line number="102" hits="0" branch="False" />
            <line number="103" hits="0" branch="False" />
            <line number="105" hits="0" branch="False" />
            <line number="106" hits="0" branch="False" />
            <line number="107" hits="0" branch="False" />
            <line number="108" hits="0" branch="False" />
            <line number="109" hits="0" branch="False" />
            <line number="110" hits="0" branch="False" />
            <line number="111" hits="0" branch="False" />
            <line number="113" hits="0" branch="False" />
            <line number="116" hits="0" branch="False" />
            <line number="117" hits="3" branch="False" />
          </lines>
        </class>
      </classes>
    </package>
  </packages>
</coverage>